#
# A fatal error has been detected by the Java Runtime Environment:
#
#  SIGBUS (0x7) at pc=0x00007f23c11779bd, pid=4914, tid=0x00007f239d4a5700
#
# JRE version: OpenJDK Runtime Environment (8.0_152-b01) (build 1.8.0_152-release-915-b01)
# Java VM: OpenJDK 64-Bit Server VM (25.152-b01 mixed mode linux-amd64 compressed oops)
# Problematic frame:
# C  [libzip.so+0x119bd]  newEntry.isra.4+0x7d
#
# Failed to write core dump. Core dumps have been disabled. To enable core dumping, try "ulimit -c unlimited" before starting Java again
#
# If you would like to submit a bug report, please visit:
#   http://bugreport.java.com/bugreport/crash.jsp
# The crash happened outside the Java Virtual Machine in native code.
# See problematic frame for where to report the bug.
#

---------------  T H R E A D  ---------------

Current thread (0x00007f23bcaf2000):  JavaThread "Timer-1" daemon [_thread_in_native, id=4937, stack(0x00007f239d3a5000,0x00007f239d4a6000)]

siginfo: si_signo: 7 (SIGBUS), si_code: 2 (BUS_ADRERR), si_addr: 0x00007f239dbb8f70

Registers:
RAX=0x00007f236008b2f0, RBX=0x00007f23bc702010, RCX=0x00007f2360000020, RDX=0x00007f236008b2f0
RSP=0x00007f239d4a2dc0, RBP=0x00007f239d4a2e20, RSI=0x00007f236008b330, RDI=0x0000000000000000
R8 =0x00007f239d4a2e90, R9 =0x000000005bbd78a2, R10=0x00007f23ad183598, R11=0x00000000d9082580
R12=0x00007f23bc702208, R13=0x00007f239dbb8f53, R14=0x00007f236008b2f0, R15=0x00007f23bc702010
RIP=0x00007f23c11779bd, EFLAGS=0x0000000000010206, CSGSFS=0x002b000000000033, ERR=0x0000000000000004
  TRAPNO=0x000000000000000e

Top of Stack: (sp=0x00007f239d4a2dc0)
0x00007f239d4a2dc0:   0000000100037a70 0000000085787250
0x00007f239d4a2dd0:   00007f239d4a3580 000000009d4a3a10
0x00007f239d4a2de0:   00007f23ac452578 00007f23c2f3407e
0x00007f239d4a2df0:   0000000000000014 00007f23bc702200
0x00007f239d4a2e00:   000000005bbd78a2 00007f239d4a2ea3
0x00007f239d4a2e10:   00007f23bc701f80 00007f23bc702010
0x00007f239d4a2e20:   00007f239d4a2e70 00007f23c11787e4
0x00007f239d4a2e30:   00007f239d4a2e90 00000014014a2de8
0x00007f239d4a2e40:   00007f239d4a2e29 0000000000000014
0x00007f239d4a2e50:   00007f23bcaf21e0 00007f239d4a32e8
0x00007f239d4a2e60:   00007f239d4a3310 0000000000000001
0x00007f239d4a2e70:   00007f239d4a32d0 00007f23c1169d6d
0x00007f239d4a2e80:   00007f239d4a2e90 00007f23bc702010
0x00007f239d4a2e90:   464e492d4154454d 534546494e414d2f
0x00007f239d4a2ea0:   00007f00464d2e54 0000000000000000
0x00007f239d4a2eb0:   00007f239d4a3040 0000000000000000
0x00007f239d4a2ec0:   00007f239d4a3210 00007f239d4a2f20
0x00007f239d4a2ed0:   00007f23bcaf2000 00007f239d4a2f40
0x00007f239d4a2ee0:   00007f239d4a3580 00007f23ad007d80
0x00007f239d4a2ef0:   00007f23ad005310 0000003000000000
0x00007f239d4a2f00:   00007f239d4a35e0 00007f239d4a3580
0x00007f239d4a2f10:   00007f23bcaf2000 00000000d90807f8
0x00007f239d4a2f20:   00007f230000000e 00007f239d4a2d60
0x00007f239d4a2f30:   00007f23ac452578 00007f23bcaf2000
0x00007f239d4a2f40:   00007f23ac452578 00007f23bcaf2000
0x00007f239d4a2f50:   00007f239d4a2f90 00000000d9080868
0x00007f239d4a2f60:   00007f230000000e 00007f23c3ac550d
0x00007f239d4a2f70:   00007f239d4a2f59 00007f23c3ac550d
0x00007f239d4a2f80:   00007f2360000078 0000000000008030
0x00007f239d4a2f90:   00007f2360000078 fffffffffffff000
0x00007f239d4a2fa0:   0000000000084000 0000000000009000
0x00007f239d4a2fb0:   000000000008c000 0000000000084000 

Instructions: (pc=0x00007f23c11779bd)
0x00007f23c117799d:   73 48 48 8b 7b 10 b9 a0 00 00 00 49 8b 14 24 e8
0x00007f23c11779ad:   8f fe ff ff 49 89 c5 4d 85 ed 0f 84 e3 04 00 00
0x00007f23c11779bd:   45 0f b6 55 1d 41 0f b6 45 1c 45 31 e4 41 0f b6
0x00007f23c11779cd:   55 0d 41 0f b6 75 0e 45 0f b6 7d 1f 41 c1 e2 08 

Register to memory mapping:

RAX=0x00007f236008b2f0 is an unknown value
RBX=0x00007f23bc702010 is an unknown value
RCX=0x00007f2360000020 is an unknown value
RDX=0x00007f236008b2f0 is an unknown value
RSP=0x00007f239d4a2dc0 is pointing into the stack for thread: 0x00007f23bcaf2000
RBP=0x00007f239d4a2e20 is pointing into the stack for thread: 0x00007f23bcaf2000
RSI=0x00007f236008b330 is an unknown value
RDI=0x0000000000000000 is an unknown value
R8 =0x00007f239d4a2e90 is pointing into the stack for thread: 0x00007f23bcaf2000
R9 =0x000000005bbd78a2 is an unknown value
R10=0x00007f23ad183598 is at entry_point+88 in (nmethod*)0x00007f23ad1833d0
R11=0x00000000d9082580 is an oop
